<?xml version="1.0" encoding="UTF-8"?>
<!-- Generated by org.testng.reporters.JUnitReportReporter -->
<testsuite skipped="0" hostname="Mohammeds-MBP.cable.rcn.com" name="ups.nj.myrunner.LoginRunner" tests="1" failures="0" timestamp="04 Oct 2021 01:46:09 GMT" time="9.695" errors="0">
  <testcase name="feature" time="9.695" classname="ups.nj.myrunner.LoginRunner"/>
</testsuite> <!-- ups.nj.myrunner.LoginRunner -->
